server:value_object_class_init: Called

server:value_object_class_init: Creating signals

server:value_object_class_init: Binding to GLib/D-Bus

server:value_object_class_init: Done

server:value_object_init: Called

server:value_object_class_init: Called

server:value_object_class_init: Creating signals

server:value_object_class_init: Binding to GLib/D-Bus

server:value_object_class_init: Done

server:value_object_init: Called

server:value_object_class_init: Called
server:value_object_class_init: Creating signals
server:value_object_class_init: Binding to GLib/D-Bus
server:value_object_class_init: Done
server:value_object_init: Called
server:value_object_getvalue1: Called (internal value1 is world)
server:value_object_getvalue1: Called (internal value1 is world)
server:value_object_getvalue1: Called (internal value1 is world)
server:value_object_getvalue1: Called (internal value1 is world)
server:value_object_getvalue1: Called (internal value1 is world)
server:value_object_getvalue1: Called (internal value1 is world)
server:value_object_getvalue1: Called (internal value1 is world)
server:value_object_getvalue1: Called (internal value1 is world)
server:value_object_getvalue1: Called (internal value1 is world)
server:value_object_getvalue1: Called (internal value1 is world)
server:value_object_getvalue1: Called (internal value1 is world)
server:value_object_getvalue1: Called (internal value1 is world)
server:value_object_getvalue1: Called (internal value1 is world)
server:value_object_getvalue1: Called (internal value1 is world)
server:value_object_getvalue1: Called (internal value1 is world)
server:value_object_getvalue1: Called (internal value1 is world)
server:value_object_getvalue1: Called (internal value1 is world)
server:value_object_getvalue1: Called (internal value1 is world)
server:value_object_getvalue1: Called (internal value1 is world)
server:value_object_getvalue1: Called (internal value1 is world)
server:value_object_getvalue1: Called (internal value1 is world)
server:value_object_emitSignal: Emitting signal id 0, with message '4C530303040604115195'
server:value_object_emitSignal: Emitting signal id 0, with message 'usb removed'
server:value_object_emitSignal: Emitting signal id 0, with message '4C530303040604115195'
server:value_object_emitSignal: Emitting signal id 0, with message 'usb removed'
server:value_object_emitSignal: Emitting signal id 0, with message '4C530303040604115195'
server:value_object_emitSignal: Emitting signal id 0, with message 'usb removed'
server:value_object_emitSignal: Emitting signal id 0, with message '4C530303040604115195'
server:value_object_emitSignal: Emitting signal id 0, with message 'usb removed'
server:value_object_getvalue1: Called (internal value1 is world)
server:value_object_getvalue1: Called (internal value1 is world)
server:value_object_getvalue1: Called (internal value1 is world)
server:value_object_getvalue1: Called (internal value1 is world)
server:value_object_getvalue1: Called (internal value1 is world)
server:value_object_getvalue1: Called (internal value1 is world)
server:value_object_getvalue1: Called (internal value1 is world)
server:value_object_getvalue1: Called (internal value1 is world)
server:value_object_getvalue1: Called (internal value1 is world)
server:value_object_getvalue1: Called (internal value1 is world)
server:value_object_getvalue1: Called (internal value1 is world)
server:value_object_getvalue1: Called (internal value1 is world)
server:value_object_getvalue1: Called (internal value1 is world)
server:value_object_getvalue1: Called (internal value1 is world)
server:value_object_getvalue1: Called (internal value1 is world)
server:value_object_getvalue1: Called (internal value1 is world)
server:value_object_emitSignal: Emitting signal id 0, with message '4C530303040604115195'
server:value_object_emitSignal: Emitting signal id 0, with message 'usb removed'
server:value_object_getvalue1: Called (internal value1 is world)
server:value_object_getvalue1: Called (internal value1 is world)
server:value_object_getvalue1: Called (internal value1 is world)
server:value_object_getvalue1: Called (internal value1 is world)
server:value_object_getvalue1: Called (internal value1 is world)
server:value_object_getvalue1: Called (internal value1 is world)
server:value_object_getvalue1: Called (internal value1 is world)
server:value_object_getvalue1: Called (internal value1 is world)
server:value_object_getvalue1: Called (internal value1 is world)
server:value_object_getvalue1: Called (internal value1 is world)
server:value_object_getvalue1: Called (internal value1 is world)
server:value_object_emitSignal: Emitting signal id 0, with message '4C530303040604115195'
server:value_object_getvalue1: Called (internal value1 is world)
server:value_object_emitSignal: Emitting signal id 0, with message 'usb removed'
server:value_object_getvalue1: Called (internal value1 is world)
server:value_object_getvalue1: Called (internal value1 is world)
server:value_object_emitSignal: Emitting signal id 0, with message '4C530303040604115195'
server:value_object_getvalue1: Called (internal value1 is world)
server:value_object_emitSignal: Emitting signal id 0, with message 'usb removed'
server:value_object_getvalue1: Called (internal value1 is world)
server:value_object_emitSignal: Emitting signal id 0, with message '4C530303040604115195'
server:value_object_getvalue1: Called (internal value1 is world)
server:value_object_getvalue1: Called (internal value1 is world)
server:value_object_emitSignal: Emitting signal id 0, with message 'usb removed'
server:value_object_getvalue1: Called (internal value1 is world)
server:value_object_emitSignal: Emitting signal id 0, with message '4C530303040604115195'
server:value_object_getvalue1: Called (internal value1 is world)
server:value_object_emitSignal: Emitting signal id 0, with message 'usb removed'
server:value_object_getvalue1: Called (internal value1 is world)
server:value_object_emitSignal: Emitting signal id 0, with message '4C530303040604115195'
server:value_object_getvalue1: Called (internal value1 is world)
server:value_object_emitSignal: Emitting signal id 0, with message 'usb removed'
server:value_object_getvalue1: Called (internal value1 is world)
server:value_object_emitSignal: Emitting signal id 0, with message '4C530303040604115195'
server:value_object_getvalue1: Called (internal value1 is world)
server:value_object_getvalue1: Called (internal value1 is world)
server:value_object_emitSignal: Emitting signal id 0, with message 'usb removed'
server:value_object_getvalue1: Called (internal value1 is world)
server:value_object_emitSignal: Emitting signal id 0, with message '4C530303040604115195'
server:value_object_getvalue1: Called (internal value1 is world)
server:value_object_getvalue1: Called (internal value1 is world)
server:value_object_emitSignal: Emitting signal id 0, with message 'usb removed'
server:value_object_getvalue1: Called (internal value1 is world)
server:value_object_getvalue1: Called (internal value1 is world)
server:value_object_getvalue1: Called (internal value1 is world)
server:value_object_getvalue1: Called (internal value1 is world)
server:value_object_getvalue1: Called (internal value1 is world)
server:value_object_getvalue1: Called (internal value1 is world)
server:value_object_getvalue1: Called (internal value1 is world)
server:value_object_getvalue1: Called (internal value1 is world)
server:value_object_getvalue1: Called (internal value1 is world)
server:value_object_getvalue1: Called (internal value1 is world)
server:value_object_getvalue1: Called (internal value1 is world)
server:value_object_emitSignal: Emitting signal id 0, with message '4C530303040604115195'
server:value_object_getvalue1: Called (internal value1 is world)
server:value_object_emitSignal: Emitting signal id 0, with message 'usb removed'
server:value_object_getvalue1: Called (internal value1 is world)
server:value_object_emitSignal: Emitting signal id 1, with message '049113082705104659000144'
server:value_object_emitSignal: Emitting signal id 0, with message '049113082705104659000144'
server:value_object_emitSignal: Emitting signal id 0, with message 'usb removed'
server:value_object_getvalue1: Called (internal value1 is world)
server:value_object_getvalue1: Called (internal value1 is world)
server:value_object_getvalue1: Called (internal value1 is world)
server:value_object_getvalue1: Called (internal value1 is world)
server:value_object_getvalue1: Called (internal value1 is world)
server:value_object_getvalue1: Called (internal value1 is world)
server:value_object_emitSignal: Emitting signal id 1, with message '049113082705104659000144'
server:value_object_emitSignal: Emitting signal id 0, with message '049113082705104659000144'
server:value_object_emitSignal: Emitting signal id 0, with message 'usb removed'
server:value_object_emitSignal: Emitting signal id 0, with message '4C530303040604115195'
server:value_object_getvalue1: Called (internal value1 is world)
server:value_object_getvalue1: Called (internal value1 is world)
server:value_object_getvalue1: Called (internal value1 is world)
server:value_object_getvalue1: Called (internal value1 is world)
server:value_object_getvalue1: Called (internal value1 is world)
server:value_object_getvalue1: Called (internal value1 is world)
server:value_object_getvalue1: Called (internal value1 is world)
server:value_object_getvalue1: Called (internal value1 is world)
server:value_object_getvalue1: Called (internal value1 is world)
server:value_object_getvalue1: Called (internal value1 is world)
server:value_object_getvalue1: Called (internal value1 is world)
server:value_object_getvalue1: Called (internal value1 is world)
server:value_object_getvalue1: Called (internal value1 is world)
server:value_object_getvalue1: Called (internal value1 is world)
server:value_object_getvalue1: Called (internal value1 is world)
server:value_object_getvalue1: Called (internal value1 is world)
server:value_object_getvalue1: Called (internal value1 is world)
server:value_object_emitSignal: Emitting signal id 0, with message 'usb removed'
server:value_object_getvalue1: Called (internal value1 is world)
server:value_object_getvalue1: Called (internal value1 is world)
server:value_object_getvalue1: Called (internal value1 is world)
server:value_object_getvalue1: Called (internal value1 is world)
server:value_object_getvalue1: Called (internal value1 is world)
server:value_object_getvalue1: Called (internal value1 is world)
server:value_object_getvalue1: Called (internal value1 is world)
server:value_object_getvalue1: Called (internal value1 is world)
server:value_object_getvalue1: Called (internal value1 is world)
server:value_object_getvalue1: Called (internal value1 is world)
server:value_object_getvalue1: Called (internal value1 is world)
server:value_object_getvalue1: Called (internal value1 is world)
server:value_object_getvalue1: Called (internal value1 is world)
server:value_object_getvalue1: Called (internal value1 is world)
server:value_object_class_init: Called
server:value_object_class_init: Creating signals
server:value_object_class_init: Binding to GLib/D-Bus
server:value_object_class_init: Done
server:value_object_init: Called
server:value_object_getvalue1: Called (internal value1 is world)
server:value_object_getvalue1: Called (internal value1 is world)
server:value_object_getvalue1: Called (internal value1 is world)
server:value_object_getvalue1: Called (internal value1 is world)
server:value_object_getvalue1: Called (internal value1 is world)
server:value_object_getvalue1: Called (internal value1 is world)
server:value_object_getvalue1: Called (internal value1 is world)
server:value_object_getvalue1: Called (internal value1 is world)
server:value_object_getvalue1: Called (internal value1 is world)
server:value_object_getvalue1: Called (internal value1 is world)
server:value_object_emitSignal: Emitting signal id 1, with message '049113082705104659000144'
server:value_object_emitSignal: Emitting signal id 0, with message '049113082705104659000144'
server:value_object_emitSignal: Emitting signal id 0, with message 'usb removed'
server:value_object_getvalue1: Called (internal value1 is world)
server:value_object_getvalue1: Called (internal value1 is world)
server:value_object_emitSignal: Emitting signal id 1, with message '049113082705104659000144'
server:value_object_emitSignal: Emitting signal id 0, with message '049113082705104659000144'
server:value_object_emitSignal: Emitting signal id 0, with message 'usb removed'
server:value_object_getvalue1: Called (internal value1 is world)
server:value_object_emitSignal: Emitting signal id 1, with message '049113082705104659000144'
server:value_object_emitSignal: Emitting signal id 0, with message '049113082705104659000144'
server:value_object_emitSignal: Emitting signal id 0, with message 'usb removed'
server:value_object_getvalue1: Called (internal value1 is world)
server:value_object_getvalue1: Called (internal value1 is world)
server:value_object_getvalue1: Called (internal value1 is world)
server:value_object_emitSignal: Emitting signal id 1, with message '049113082705104659000144'
server:value_object_emitSignal: Emitting signal id 0, with message '049113082705104659000144'
server:value_object_emitSignal: Emitting signal id 0, with message 'usb removed'
server:value_object_getvalue1: Called (internal value1 is world)
server:value_object_getvalue1: Called (internal value1 is world)
server:value_object_emitSignal: Emitting signal id 1, with message '049113082705104659000144'
server:value_object_emitSignal: Emitting signal id 0, with message '049113082705104659000144'
server:value_object_emitSignal: Emitting signal id 0, with message 'usb removed'
server:value_object_getvalue1: Called (internal value1 is world)
server:value_object_emitSignal: Emitting signal id 1, with message '049113082705104659000144'
server:value_object_emitSignal: Emitting signal id 0, with message '049113082705104659000144'
server:value_object_emitSignal: Emitting signal id 0, with message 'usb removed'
server:value_object_getvalue1: Called (internal value1 is world)
server:value_object_getvalue1: Called (internal value1 is world)
server:value_object_emitSignal: Emitting signal id 1, with message '049113082705104659000144'
server:value_object_emitSignal: Emitting signal id 0, with message '049113082705104659000144'
server:value_object_emitSignal: Emitting signal id 0, with message 'usb removed'
server:value_object_getvalue1: Called (internal value1 is world)
server:value_object_emitSignal: Emitting signal id 1, with message '049113082705104659000144'
server:value_object_emitSignal: Emitting signal id 0, with message '049113082705104659000144'
server:value_object_emitSignal: Emitting signal id 0, with message 'usb removed'
server:value_object_getvalue1: Called (internal value1 is world)
server:value_object_getvalue1: Called (internal value1 is world)
server:value_object_emitSignal: Emitting signal id 1, with message '049113082705104659000144'
server:value_object_emitSignal: Emitting signal id 0, with message '049113082705104659000144'
server:value_object_emitSignal: Emitting signal id 0, with message 'usb removed'
server:value_object_getvalue1: Called (internal value1 is world)
server:value_object_getvalue1: Called (internal value1 is world)
server:value_object_emitSignal: Emitting signal id 1, with message '049113082705104659000144'
server:value_object_emitSignal: Emitting signal id 0, with message '049113082705104659000144'
server:value_object_emitSignal: Emitting signal id 0, with message 'usb removed'
server:value_object_getvalue1: Called (internal value1 is world)
server:value_object_emitSignal: Emitting signal id 1, with message '049113082705104659000144'
server:value_object_emitSignal: Emitting signal id 0, with message '049113082705104659000144'
server:value_object_emitSignal: Emitting signal id 0, with message 'usb removed'
server:value_object_getvalue1: Called (internal value1 is world)
server:value_object_getvalue1: Called (internal value1 is world)
server:value_object_emitSignal: Emitting signal id 1, with message '049113082705104659000144'
server:value_object_emitSignal: Emitting signal id 0, with message '049113082705104659000144'
server:value_object_emitSignal: Emitting signal id 0, with message 'usb removed'
server:value_object_getvalue1: Called (internal value1 is world)
server:value_object_emitSignal: Emitting signal id 1, with message '049113082705104659000144'
server:value_object_emitSignal: Emitting signal id 0, with message '049113082705104659000144'
server:value_object_emitSignal: Emitting signal id 0, with message 'usb removed'
server:value_object_getvalue1: Called (internal value1 is world)
server:value_object_getvalue1: Called (internal value1 is world)
server:value_object_emitSignal: Emitting signal id 1, with message '(null)'
server:value_object_emitSignal: Emitting signal id 0, with message '(null)'
server:value_object_getvalue1: Called (internal value1 is world)
server:value_object_emitSignal: Emitting signal id 1, with message '049113082705104659000144'
server:value_object_emitSignal: Emitting signal id 0, with message '049113082705104659000144'
server:value_object_emitSignal: Emitting signal id 0, with message 'usb removed'
server:value_object_getvalue1: Called (internal value1 is world)
server:value_object_getvalue1: Called (internal value1 is world)
server:value_object_emitSignal: Emitting signal id 1, with message '049113082705104659000144'
server:value_object_emitSignal: Emitting signal id 0, with message '049113082705104659000144'
server:value_object_emitSignal: Emitting signal id 0, with message 'usb removed'
server:value_object_emitSignal: Emitting signal id 1, with message '(null)'
server:value_object_emitSignal: Emitting signal id 0, with message '(null)'
server:value_object_getvalue1: Called (internal value1 is world)
server:value_object_emitSignal: Emitting signal id 1, with message '049113082705104659000144'
server:value_object_emitSignal: Emitting signal id 0, with message '049113082705104659000144'
server:value_object_emitSignal: Emitting signal id 0, with message 'usb removed'
server:value_object_getvalue1: Called (internal value1 is world)
server:value_object_getvalue1: Called (internal value1 is world)
server:value_object_emitSignal: Emitting signal id 1, with message '049113082705104659000144'
server:value_object_emitSignal: Emitting signal id 0, with message '049113082705104659000144'
server:value_object_emitSignal: Emitting signal id 0, with message 'usb removed'
server:value_object_getvalue1: Called (internal value1 is world)
server:value_object_getvalue1: Called (internal value1 is world)
server:value_object_emitSignal: Emitting signal id 1, with message '049113082705104659000144'
server:value_object_emitSignal: Emitting signal id 0, with message '049113082705104659000144'
server:value_object_emitSignal: Emitting signal id 0, with message 'usb removed'
server:value_object_getvalue1: Called (internal value1 is world)
server:value_object_getvalue1: Called (internal value1 is world)
server:value_object_emitSignal: Emitting signal id 1, with message '049113082705104659000144'
server:value_object_emitSignal: Emitting signal id 0, with message '049113082705104659000144'
server:value_object_emitSignal: Emitting signal id 0, with message 'usb removed'
server:value_object_getvalue1: Called (internal value1 is world)
server:value_object_emitSignal: Emitting signal id 1, with message '049113082705104659000144'
server:value_object_emitSignal: Emitting signal id 0, with message '049113082705104659000144'
server:value_object_emitSignal: Emitting signal id 0, with message 'usb removed'
server:value_object_getvalue1: Called (internal value1 is world)
server:value_object_getvalue1: Called (internal value1 is world)
server:value_object_emitSignal: Emitting signal id 1, with message '049113082705104659000144'
server:value_object_emitSignal: Emitting signal id 0, with message '049113082705104659000144'
server:value_object_emitSignal: Emitting signal id 0, with message 'usb removed'
server:value_object_getvalue1: Called (internal value1 is world)
server:value_object_emitSignal: Emitting signal id 1, with message '049113082705104659000144'
server:value_object_emitSignal: Emitting signal id 0, with message '049113082705104659000144'
server:value_object_emitSignal: Emitting signal id 0, with message 'usb removed'
server:value_object_getvalue1: Called (internal value1 is world)
server:value_object_getvalue1: Called (internal value1 is world)
server:value_object_emitSignal: Emitting signal id 1, with message '049113082705104659000144'
server:value_object_emitSignal: Emitting signal id 0, with message '049113082705104659000144'
server:value_object_emitSignal: Emitting signal id 0, with message 'usb removed'
server:value_object_getvalue1: Called (internal value1 is world)
server:value_object_emitSignal: Emitting signal id 1, with message '049113082705104659000144'
server:value_object_emitSignal: Emitting signal id 0, with message '049113082705104659000144'
server:value_object_emitSignal: Emitting signal id 0, with message 'usb removed'
server:value_object_getvalue1: Called (internal value1 is world)
server:value_object_getvalue1: Called (internal value1 is world)
server:value_object_emitSignal: Emitting signal id 1, with message '049113082705104659000144'
server:value_object_emitSignal: Emitting signal id 0, with message '049113082705104659000144'
server:value_object_emitSignal: Emitting signal id 0, with message 'usb removed'
server:value_object_getvalue1: Called (internal value1 is world)
server:value_object_emitSignal: Emitting signal id 1, with message '049113082705104659000144'
server:value_object_emitSignal: Emitting signal id 0, with message '049113082705104659000144'
server:value_object_emitSignal: Emitting signal id 0, with message 'usb removed'
server:value_object_getvalue1: Called (internal value1 is world)
server:value_object_getvalue1: Called (internal value1 is world)
server:value_object_emitSignal: Emitting signal id 1, with message '049113082705104659000144'
server:value_object_emitSignal: Emitting signal id 0, with message '049113082705104659000144'
server:value_object_emitSignal: Emitting signal id 0, with message 'usb removed'
server:value_object_getvalue1: Called (internal value1 is world)
server:value_object_emitSignal: Emitting signal id 1, with message '049113082705104659000144'
server:value_object_emitSignal: Emitting signal id 0, with message '049113082705104659000144'
server:value_object_emitSignal: Emitting signal id 0, with message 'usb removed'
server:value_object_getvalue1: Called (internal value1 is world)
server:value_object_getvalue1: Called (internal value1 is world)
server:value_object_emitSignal: Emitting signal id 1, with message '049113082705104659000144'
server:value_object_emitSignal: Emitting signal id 0, with message '049113082705104659000144'
server:value_object_emitSignal: Emitting signal id 0, with message 'usb removed'
server:value_object_getvalue1: Called (internal value1 is world)
server:value_object_getvalue1: Called (internal value1 is world)
server:value_object_emitSignal: Emitting signal id 1, with message '049113082705104659000144'
server:value_object_emitSignal: Emitting signal id 0, with message '049113082705104659000144'
server:value_object_emitSignal: Emitting signal id 0, with message 'usb removed'
server:value_object_getvalue1: Called (internal value1 is world)
server:value_object_getvalue1: Called (internal value1 is world)
server:value_object_getvalue1: Called (internal value1 is world)
server:value_object_emitSignal: Emitting signal id 1, with message '049113082705104659000144'
server:value_object_emitSignal: Emitting signal id 0, with message '049113082705104659000144'
server:value_object_emitSignal: Emitting signal id 0, with message 'usb removed'
server:value_object_getvalue1: Called (internal value1 is world)
server:value_object_getvalue1: Called (internal value1 is world)
server:value_object_emitSignal: Emitting signal id 1, with message '049113082705104659000144'
server:value_object_emitSignal: Emitting signal id 0, with message '049113082705104659000144'
server:value_object_emitSignal: Emitting signal id 0, with message 'usb removed'
server:value_object_getvalue1: Called (internal value1 is world)
server:value_object_getvalue1: Called (internal value1 is world)
server:value_object_emitSignal: Emitting signal id 1, with message '049113082705104659000144'
server:value_object_emitSignal: Emitting signal id 0, with message '049113082705104659000144'
server:value_object_emitSignal: Emitting signal id 0, with message 'usb removed'
server:value_object_getvalue1: Called (internal value1 is world)
server:value_object_getvalue1: Called (internal value1 is world)
server:value_object_emitSignal: Emitting signal id 0, with message '4C530303040604115195'
server:value_object_getvalue1: Called (internal value1 is world)
server:value_object_emitSignal: Emitting signal id 0, with message 'usb removed'
server:value_object_getvalue1: Called (internal value1 is world)
server:value_object_getvalue1: Called (internal value1 is world)
server:value_object_getvalue1: Called (internal value1 is world)
server:value_object_getvalue1: Called (internal value1 is world)
server:value_object_getvalue1: Called (internal value1 is world)
server:value_object_getvalue1: Called (internal value1 is world)
server:value_object_getvalue1: Called (internal value1 is world)
server:value_object_getvalue1: Called (internal value1 is world)
server:value_object_getvalue1: Called (internal value1 is world)
server:value_object_getvalue1: Called (internal value1 is world)
server:value_object_getvalue1: Called (internal value1 is world)
server:value_object_getvalue1: Called (internal value1 is world)
server:value_object_getvalue1: Called (internal value1 is world)
server:value_object_getvalue1: Called (internal value1 is world)
server:value_object_getvalue1: Called (internal value1 is world)
server:value_object_getvalue1: Called (internal value1 is world)
server:value_object_getvalue1: Called (internal value1 is world)
server:value_object_getvalue1: Called (internal value1 is world)
server:value_object_getvalue1: Called (internal value1 is world)
server:value_object_getvalue1: Called (internal value1 is world)
server:value_object_getvalue1: Called (internal value1 is world)
server:value_object_getvalue1: Called (internal value1 is world)
server:value_object_getvalue1: Called (internal value1 is world)
server:value_object_getvalue1: Called (internal value1 is world)
server:value_object_getvalue1: Called (internal value1 is world)
server:value_object_getvalue1: Called (internal value1 is world)
server:value_object_emitSignal: Emitting signal id 1, with message '049113082705104659000144'
server:value_object_emitSignal: Emitting signal id 0, with message '049113082705104659000144'
server:value_object_emitSignal: Emitting signal id 0, with message 'usb removed'
server:value_object_getvalue1: Called (internal value1 is world)
server:value_object_emitSignal: Emitting signal id 1, with message '049113082705104659000144'
server:value_object_emitSignal: Emitting signal id 0, with message '049113082705104659000144'
server:value_object_emitSignal: Emitting signal id 0, with message 'usb removed'
server:value_object_getvalue1: Called (internal value1 is world)
server:value_object_getvalue1: Called (internal value1 is world)
server:value_object_getvalue1: Called (internal value1 is world)
server:value_object_emitSignal: Emitting signal id 1, with message '049113082705104659000144'
server:value_object_emitSignal: Emitting signal id 0, with message '049113082705104659000144'
server:value_object_emitSignal: Emitting signal id 0, with message 'usb removed'
server:value_object_getvalue1: Called (internal value1 is world)
server:value_object_getvalue1: Called (internal value1 is world)
server:value_object_getvalue1: Called (internal value1 is world)
server:value_object_getvalue1: Called (internal value1 is world)
server:value_object_getvalue1: Called (internal value1 is world)
server:value_object_getvalue1: Called (internal value1 is world)
server:value_object_getvalue1: Called (internal value1 is world)
server:value_object_getvalue1: Called (internal value1 is world)
server:value_object_emitSignal: Emitting signal id 1, with message '049113082705104659000144'
server:value_object_emitSignal: Emitting signal id 0, with message '049113082705104659000144'
server:value_object_emitSignal: Emitting signal id 0, with message 'usb removed'
server:value_object_emitSignal: Emitting signal id 1, with message '(null)'
server:value_object_emitSignal: Emitting signal id 0, with message '(null)'
server:value_object_getvalue1: Called (internal value1 is world)
server:value_object_getvalue1: Called (internal value1 is world)
server:value_object_getvalue1: Called (internal value1 is world)
server:value_object_getvalue1: Called (internal value1 is world)
server:value_object_getvalue1: Called (internal value1 is world)
server:value_object_class_init: Called
server:value_object_class_init: Creating signals
server:value_object_class_init: Binding to GLib/D-Bus
server:value_object_class_init: Done
server:value_object_init: Called
server:value_object_getvalue1: Called (internal value1 is world)
server:value_object_getvalue1: Called (internal value1 is world)
server:value_object_getvalue1: Called (internal value1 is world)
server:value_object_class_init: Called
server:value_object_class_init: Creating signals
server:value_object_class_init: Binding to GLib/D-Bus
server:value_object_class_init: Done
server:value_object_init: Called
server:value_object_getvalue1: Called (internal value1 is world)
server:value_object_getvalue1: Called (internal value1 is world)
server:value_object_getvalue1: Called (internal value1 is world)
server:value_object_emitSignal: Emitting signal id 1, with message '049113082705104659000144'
server:value_object_emitSignal: Emitting signal id 0, with message '049113082705104659000144'
server:value_object_emitSignal: Emitting signal id 0, with message 'usb removed'
server:value_object_getvalue1: Called (internal value1 is world)
server:value_object_getvalue1: Called (internal value1 is world)
server:value_object_getvalue1: Called (internal value1 is world)
server:value_object_getvalue1: Called (internal value1 is world)
server:value_object_getvalue1: Called (internal value1 is world)
server:value_object_getvalue1: Called (internal value1 is world)
server:value_object_getvalue1: Called (internal value1 is world)
server:value_object_emitSignal: Emitting signal id 1, with message '049113082705104659000144'
server:value_object_emitSignal: Emitting signal id 0, with message '049113082705104659000144'
server:value_object_emitSignal: Emitting signal id 0, with message 'usb removed'
server:value_object_emitSignal: Emitting signal id 1, with message '(null)'
server:value_object_emitSignal: Emitting signal id 0, with message '(null)'
server:value_object_getvalue1: Called (internal value1 is world)
server:value_object_getvalue1: Called (internal value1 is world)
server:value_object_getvalue1: Called (internal value1 is world)
server:value_object_getvalue1: Called (internal value1 is world)
server:value_object_getvalue1: Called (internal value1 is world)
server:value_object_getvalue1: Called (internal value1 is world)
server:value_object_getvalue1: Called (internal value1 is world)
server:value_object_getvalue1: Called (internal value1 is world)
server:value_object_emitSignal: Emitting signal id 1, with message '049113082705104659000144'
server:value_object_emitSignal: Emitting signal id 0, with message '049113082705104659000144'
server:value_object_emitSignal: Emitting signal id 0, with message 'usb removed'
server:value_object_getvalue1: Called (internal value1 is world)
server:value_object_getvalue1: Called (internal value1 is world)
server:value_object_emitSignal: Emitting signal id 1, with message '049113082705104659000144'
server:value_object_emitSignal: Emitting signal id 0, with message '049113082705104659000144'
server:value_object_emitSignal: Emitting signal id 0, with message 'usb removed'
server:value_object_getvalue1: Called (internal value1 is world)
server:value_object_getvalue1: Called (internal value1 is world)
server:value_object_getvalue1: Called (internal value1 is world)
server:value_object_getvalue1: Called (internal value1 is world)
server:value_object_getvalue1: Called (internal value1 is world)
server:value_object_getvalue1: Called (internal value1 is world)
server:value_object_emitSignal: Emitting signal id 1, with message '049113082705104659000144'
server:value_object_emitSignal: Emitting signal id 0, with message '049113082705104659000144'
server:value_object_emitSignal: Emitting signal id 0, with message 'usb removed'
server:value_object_getvalue1: Called (internal value1 is world)
server:value_object_getvalue1: Called (internal value1 is world)
server:value_object_getvalue1: Called (internal value1 is world)
server:value_object_getvalue1: Called (internal value1 is world)
server:value_object_getvalue1: Called (internal value1 is world)
server:value_object_getvalue1: Called (internal value1 is world)
server:value_object_getvalue1: Called (internal value1 is world)
server:value_object_getvalue1: Called (internal value1 is world)
server:value_object_getvalue1: Called (internal value1 is world)
server:value_object_getvalue1: Called (internal value1 is world)
server:value_object_getvalue1: Called (internal value1 is world)
server:value_object_getvalue1: Called (internal value1 is world)
server:value_object_getvalue1: Called (internal value1 is world)
server:value_object_getvalue1: Called (internal value1 is world)
server:value_object_getvalue1: Called (internal value1 is world)
server:value_object_getvalue1: Called (internal value1 is world)
server:value_object_getvalue1: Called (internal value1 is world)
server:value_object_getvalue1: Called (internal value1 is world)
server:value_object_getvalue1: Called (internal value1 is world)
server:value_object_getvalue1: Called (internal value1 is world)
server:value_object_getvalue1: Called (internal value1 is world)
server:value_object_getvalue1: Called (internal value1 is world)
server:value_object_getvalue1: Called (internal value1 is world)
server:value_object_emitSignal: Emitting signal id 1, with message '049113082705104659000144'
server:value_object_emitSignal: Emitting signal id 0, with message '049113082705104659000144'
server:value_object_emitSignal: Emitting signal id 0, with message 'usb removed'
server:value_object_getvalue1: Called (internal value1 is world)
server:value_object_getvalue1: Called (internal value1 is world)
server:value_object_emitSignal: Emitting signal id 0, with message '049113082705104659000144'
server:value_object_getvalue1: Called (internal value1 is world)
server:value_object_emitSignal: Emitting signal id 0, with message 'usb removed'
